2023-06-13 16:53:24,34 DEBUG Horse: Создание Horse, имя [Буцефал], скорость [2.4]
2023-06-13 16:53:24,34 DEBUG Horse: Создание Horse, имя [Туз Пик], скорость [2.5]
2023-06-13 16:53:24,34 DEBUG Horse: Создание Horse, имя [Зефир], скорость [2.6]
2023-06-13 16:53:24,34 DEBUG Horse: Создание Horse, имя [Пожар], скорость [2.7]
2023-06-13 16:53:24,34 DEBUG Horse: Создание Horse, имя [Лобстер], скорость [2.8]
2023-06-13 16:53:24,34 DEBUG Horse: Создание Horse, имя [Пегас], скорость [2.9]
2023-06-13 16:53:24,34 DEBUG Horse: Создание Horse, имя [Вишня], скорость [3.0]
2023-06-13 16:53:24,26 DEBUG Hippodrome:  Создание Hippodrome, лошадей [7]
2023-06-13 16:53:24,21 INFO  Main: Начало скачек. Количество участников: 7
2023-06-13 16:53:45,30 INFO  Main: Окончание скачек. Победитель: Вишня
2023-06-13 17:22:56,16 ERROR Horse: Name is null
2023-06-13 17:22:56,19 ERROR Horse: Name is blank
2023-06-13 17:22:56,23 ERROR Horse: Speed is negative
2023-06-13 17:22:56,27 ERROR Horse: Distance is negative
2023-06-13 17:22:56,16 ERROR Horse: Name is null
2023-06-13 17:22:56,19 ERROR Horse: Name is blank
2023-06-13 17:22:56,23 ERROR Horse: Speed is negative
2023-06-13 17:22:56,27 ERROR Horse: Distance is negative
2023-06-13 17:22:56,16 ERROR Horse: Name is null
2023-06-13 17:22:56,19 ERROR Horse: Name is blank
2023-06-13 17:22:56,23 ERROR Horse: Speed is negative
2023-06-13 17:22:56,27 ERROR Horse: Distance is negative
2023-06-13 17:22:56,16 ERROR Horse: Name is null
2023-06-13 17:22:56,19 ERROR Horse: Name is blank
2023-06-13 17:22:56,23 ERROR Horse: Speed is negative
2023-06-13 17:22:56,27 ERROR Horse: Distance is negative
2023-06-13 17:22:56,16 ERROR Horse: Name is null
2023-06-13 17:22:56,19 ERROR Horse: Name is blank
2023-06-13 17:22:56,23 ERROR Horse: Speed is negative
2023-06-13 17:22:56,27 ERROR Horse: Distance is negative
2023-06-13 17:22:56,34 DEBUG Horse: Создание Horse, имя [testTest], скорость [1.0]
2023-06-13 17:22:56,34 DEBUG Horse: Создание Horse, имя [testTest], скорость [1.0]
2023-06-13 17:22:56,34 DEBUG Horse: Создание Horse, имя [testTest], скорость [1.0]
2023-06-13 17:22:56,34 DEBUG Horse: Создание Horse, имя [test], скорость [1.0]
2023-06-13 17:22:56,34 DEBUG Horse: Создание Horse, имя [test], скорость [5.0]
2023-06-13 17:22:56,34 DEBUG Horse: Создание Horse, имя [test], скорость [5.0]
2023-06-13 17:22:56,34 DEBUG Horse: Создание Horse, имя [test], скорость [5.0]
2023-06-13 17:22:56,34 DEBUG Horse: Создание Horse, имя [testTest], скорость [10.0]
2023-06-13 17:22:57,26 DEBUG Hippodrome:  Создание Hippodrome, лошадей [50]
2023-06-13 17:22:57,34 DEBUG Horse: Создание Horse, имя [0], скорость [0.0]
2023-06-13 17:22:57,34 DEBUG Horse: Создание Horse, имя [1], скорость [1.0]
2023-06-13 17:22:57,34 DEBUG Horse: Создание Horse, имя [2], скорость [2.0]
2023-06-13 17:22:57,34 DEBUG Horse: Создание Horse, имя [3], скорость [3.0]
2023-06-13 17:22:57,34 DEBUG Horse: Создание Horse, имя [4], скорость [4.0]
2023-06-13 17:22:57,34 DEBUG Horse: Создание Horse, имя [5], скорость [5.0]
2023-06-13 17:22:57,34 DEBUG Horse: Создание Horse, имя [6], скорость [6.0]
2023-06-13 17:22:57,34 DEBUG Horse: Создание Horse, имя [7], скорость [7.0]
2023-06-13 17:22:57,34 DEBUG Horse: Создание Horse, имя [8], скорость [8.0]
2023-06-13 17:22:57,34 DEBUG Horse: Создание Horse, имя [9], скорость [9.0]
2023-06-13 17:22:57,34 DEBUG Horse: Создание Horse, имя [10], скорость [10.0]
2023-06-13 17:22:57,34 DEBUG Horse: Создание Horse, имя [11], скорость [11.0]
2023-06-13 17:22:57,34 DEBUG Horse: Создание Horse, имя [12], скорость [12.0]
2023-06-13 17:22:57,34 DEBUG Horse: Создание Horse, имя [13], скорость [13.0]
2023-06-13 17:22:57,34 DEBUG Horse: Создание Horse, имя [14], скорость [14.0]
2023-06-13 17:22:57,34 DEBUG Horse: Создание Horse, имя [15], скорость [15.0]
2023-06-13 17:22:57,34 DEBUG Horse: Создание Horse, имя [16], скорость [16.0]
2023-06-13 17:22:57,34 DEBUG Horse: Создание Horse, имя [17], скорость [17.0]
2023-06-13 17:22:57,34 DEBUG Horse: Создание Horse, имя [18], скорость [18.0]
2023-06-13 17:22:57,34 DEBUG Horse: Создание Horse, имя [19], скорость [19.0]
2023-06-13 17:22:57,34 DEBUG Horse: Создание Horse, имя [20], скорость [20.0]
2023-06-13 17:22:57,34 DEBUG Horse: Создание Horse, имя [21], скорость [21.0]
2023-06-13 17:22:57,34 DEBUG Horse: Создание Horse, имя [22], скорость [22.0]
2023-06-13 17:22:57,34 DEBUG Horse: Создание Horse, имя [23], скорость [23.0]
2023-06-13 17:22:57,34 DEBUG Horse: Создание Horse, имя [24], скорость [24.0]
2023-06-13 17:22:57,34 DEBUG Horse: Создание Horse, имя [25], скорость [25.0]
2023-06-13 17:22:57,34 DEBUG Horse: Создание Horse, имя [26], скорость [26.0]
2023-06-13 17:22:57,34 DEBUG Horse: Создание Horse, имя [27], скорость [27.0]
2023-06-13 17:22:57,34 DEBUG Horse: Создание Horse, имя [28], скорость [28.0]
2023-06-13 17:22:57,34 DEBUG Horse: Создание Horse, имя [29], скорость [29.0]
2023-06-13 17:22:57,26 DEBUG Hippodrome:  Создание Hippodrome, лошадей [30]
2023-06-13 17:22:57,34 DEBUG Horse: Создание Horse, имя [0], скорость [0.0]
2023-06-13 17:22:57,34 DEBUG Horse: Создание Horse, имя [1], скорость [1.0]
2023-06-13 17:22:57,34 DEBUG Horse: Создание Horse, имя [2], скорость [2.0]
2023-06-13 17:22:57,34 DEBUG Horse: Создание Horse, имя [3], скорость [3.0]
2023-06-13 17:22:57,34 DEBUG Horse: Создание Horse, имя [4], скорость [4.0]
2023-06-13 17:22:57,34 DEBUG Horse: Создание Horse, имя [5], скорость [5.0]
2023-06-13 17:22:57,34 DEBUG Horse: Создание Horse, имя [6], скорость [6.0]
2023-06-13 17:22:57,34 DEBUG Horse: Создание Horse, имя [7], скорость [7.0]
2023-06-13 17:22:57,34 DEBUG Horse: Создание Horse, имя [8], скорость [8.0]
2023-06-13 17:22:57,34 DEBUG Horse: Создание Horse, имя [9], скорость [9.0]
2023-06-13 17:22:57,34 DEBUG Horse: Создание Horse, имя [10], скорость [10.0]
2023-06-13 17:22:57,34 DEBUG Horse: Создание Horse, имя [11], скорость [11.0]
2023-06-13 17:22:57,34 DEBUG Horse: Создание Horse, имя [12], скорость [12.0]
2023-06-13 17:22:57,34 DEBUG Horse: Создание Horse, имя [13], скорость [13.0]
2023-06-13 17:22:57,34 DEBUG Horse: Создание Horse, имя [14], скорость [14.0]
2023-06-13 17:22:57,34 DEBUG Horse: Создание Horse, имя [15], скорость [15.0]
2023-06-13 17:22:57,34 DEBUG Horse: Создание Horse, имя [16], скорость [16.0]
2023-06-13 17:22:57,34 DEBUG Horse: Создание Horse, имя [17], скорость [17.0]
2023-06-13 17:22:57,34 DEBUG Horse: Создание Horse, имя [18], скорость [18.0]
2023-06-13 17:22:57,34 DEBUG Horse: Создание Horse, имя [19], скорость [19.0]
2023-06-13 17:22:57,34 DEBUG Horse: Создание Horse, имя [20], скорость [20.0]
2023-06-13 17:22:57,34 DEBUG Horse: Создание Horse, имя [21], скорость [21.0]
2023-06-13 17:22:57,34 DEBUG Horse: Создание Horse, имя [22], скорость [22.0]
2023-06-13 17:22:57,34 DEBUG Horse: Создание Horse, имя [23], скорость [23.0]
2023-06-13 17:22:57,34 DEBUG Horse: Создание Horse, имя [24], скорость [24.0]
2023-06-13 17:22:57,34 DEBUG Horse: Создание Horse, имя [25], скорость [25.0]
2023-06-13 17:22:57,34 DEBUG Horse: Создание Horse, имя [26], скорость [26.0]
2023-06-13 17:22:57,34 DEBUG Horse: Создание Horse, имя [27], скорость [27.0]
2023-06-13 17:22:57,34 DEBUG Horse: Создание Horse, имя [28], скорость [28.0]
2023-06-13 17:22:57,34 DEBUG Horse: Создание Horse, имя [29], скорость [29.0]
2023-06-13 17:22:57,26 DEBUG Hippodrome:  Создание Hippodrome, лошадей [30]
2023-06-13 17:22:57,18 ERROR Hippodrome: Horses list is null
2023-06-13 17:22:57,21 ERROR Hippodrome: Horses list is empty
2023-06-13 17:30:13,34 DEBUG Horse: Создание Horse, имя [testTest], скорость [1.0]
2023-06-13 17:30:13,34 DEBUG Horse: Создание Horse, имя [testTest], скорость [1.0]
2023-06-13 17:30:13,19 ERROR Horse: Name is blank
2023-06-13 17:30:13,19 ERROR Horse: Name is blank
2023-06-13 17:30:13,19 ERROR Horse: Name is blank
2023-06-13 17:30:13,19 ERROR Horse: Name is blank
2023-06-13 17:30:13,19 ERROR Horse: Name is blank
2023-06-13 17:30:13,34 DEBUG Horse: Создание Horse, имя [testTest], скорость [1.0]
2023-06-13 17:30:13,34 DEBUG Horse: Создание Horse, имя [test], скорость [1.0]
2023-06-13 17:30:14,34 DEBUG Horse: Создание Horse, имя [test], скорость [5.0]
2023-06-13 17:30:14,34 DEBUG Horse: Создание Horse, имя [test], скорость [5.0]
2023-06-13 17:30:14,34 DEBUG Horse: Создание Horse, имя [test], скорость [5.0]
2023-06-13 17:30:14,27 ERROR Horse: Distance is negative
2023-06-13 17:30:14,16 ERROR Horse: Name is null
2023-06-13 17:30:14,34 DEBUG Horse: Создание Horse, имя [testTest], скорость [10.0]
2023-06-13 17:30:14,23 ERROR Horse: Speed is negative
2023-06-13 17:30:14,21 ERROR Hippodrome: Horses list is empty
2023-06-13 17:30:14,26 DEBUG Hippodrome:  Создание Hippodrome, лошадей [50]
2023-06-13 17:30:14,34 DEBUG Horse: Создание Horse, имя [0], скорость [0.0]
2023-06-13 17:30:14,34 DEBUG Horse: Создание Horse, имя [1], скорость [1.0]
2023-06-13 17:30:14,34 DEBUG Horse: Создание Horse, имя [2], скорость [2.0]
2023-06-13 17:30:14,34 DEBUG Horse: Создание Horse, имя [3], скорость [3.0]
2023-06-13 17:30:14,34 DEBUG Horse: Создание Horse, имя [4], скорость [4.0]
2023-06-13 17:30:14,34 DEBUG Horse: Создание Horse, имя [5], скорость [5.0]
2023-06-13 17:30:14,34 DEBUG Horse: Создание Horse, имя [6], скорость [6.0]
2023-06-13 17:30:14,34 DEBUG Horse: Создание Horse, имя [7], скорость [7.0]
2023-06-13 17:30:14,34 DEBUG Horse: Создание Horse, имя [8], скорость [8.0]
2023-06-13 17:30:14,34 DEBUG Horse: Создание Horse, имя [9], скорость [9.0]
2023-06-13 17:30:14,34 DEBUG Horse: Создание Horse, имя [10], скорость [10.0]
2023-06-13 17:30:14,34 DEBUG Horse: Создание Horse, имя [11], скорость [11.0]
2023-06-13 17:30:14,34 DEBUG Horse: Создание Horse, имя [12], скорость [12.0]
2023-06-13 17:30:14,34 DEBUG Horse: Создание Horse, имя [13], скорость [13.0]
2023-06-13 17:30:14,34 DEBUG Horse: Создание Horse, имя [14], скорость [14.0]
2023-06-13 17:30:14,34 DEBUG Horse: Создание Horse, имя [15], скорость [15.0]
2023-06-13 17:30:14,34 DEBUG Horse: Создание Horse, имя [16], скорость [16.0]
2023-06-13 17:30:14,34 DEBUG Horse: Создание Horse, имя [17], скорость [17.0]
2023-06-13 17:30:14,34 DEBUG Horse: Создание Horse, имя [18], скорость [18.0]
2023-06-13 17:30:14,34 DEBUG Horse: Создание Horse, имя [19], скорость [19.0]
2023-06-13 17:30:14,34 DEBUG Horse: Создание Horse, имя [20], скорость [20.0]
2023-06-13 17:30:14,34 DEBUG Horse: Создание Horse, имя [21], скорость [21.0]
2023-06-13 17:30:14,34 DEBUG Horse: Создание Horse, имя [22], скорость [22.0]
2023-06-13 17:30:14,34 DEBUG Horse: Создание Horse, имя [23], скорость [23.0]
2023-06-13 17:30:14,34 DEBUG Horse: Создание Horse, имя [24], скорость [24.0]
2023-06-13 17:30:14,34 DEBUG Horse: Создание Horse, имя [25], скорость [25.0]
2023-06-13 17:30:14,34 DEBUG Horse: Создание Horse, имя [26], скорость [26.0]
2023-06-13 17:30:14,34 DEBUG Horse: Создание Horse, имя [27], скорость [27.0]
2023-06-13 17:30:14,34 DEBUG Horse: Создание Horse, имя [28], скорость [28.0]
2023-06-13 17:30:14,34 DEBUG Horse: Создание Horse, имя [29], скорость [29.0]
2023-06-13 17:30:14,26 DEBUG Hippodrome:  Создание Hippodrome, лошадей [30]
2023-06-13 17:30:14,34 DEBUG Horse: Создание Horse, имя [0], скорость [0.0]
2023-06-13 17:30:14,34 DEBUG Horse: Создание Horse, имя [1], скорость [1.0]
2023-06-13 17:30:14,34 DEBUG Horse: Создание Horse, имя [2], скорость [2.0]
2023-06-13 17:30:14,34 DEBUG Horse: Создание Horse, имя [3], скорость [3.0]
2023-06-13 17:30:14,34 DEBUG Horse: Создание Horse, имя [4], скорость [4.0]
2023-06-13 17:30:14,34 DEBUG Horse: Создание Horse, имя [5], скорость [5.0]
2023-06-13 17:30:14,34 DEBUG Horse: Создание Horse, имя [6], скорость [6.0]
2023-06-13 17:30:14,34 DEBUG Horse: Создание Horse, имя [7], скорость [7.0]
2023-06-13 17:30:14,34 DEBUG Horse: Создание Horse, имя [8], скорость [8.0]
2023-06-13 17:30:14,34 DEBUG Horse: Создание Horse, имя [9], скорость [9.0]
2023-06-13 17:30:14,34 DEBUG Horse: Создание Horse, имя [10], скорость [10.0]
2023-06-13 17:30:14,34 DEBUG Horse: Создание Horse, имя [11], скорость [11.0]
2023-06-13 17:30:14,34 DEBUG Horse: Создание Horse, имя [12], скорость [12.0]
2023-06-13 17:30:14,34 DEBUG Horse: Создание Horse, имя [13], скорость [13.0]
2023-06-13 17:30:14,34 DEBUG Horse: Создание Horse, имя [14], скорость [14.0]
2023-06-13 17:30:14,34 DEBUG Horse: Создание Horse, имя [15], скорость [15.0]
2023-06-13 17:30:14,34 DEBUG Horse: Создание Horse, имя [16], скорость [16.0]
2023-06-13 17:30:14,34 DEBUG Horse: Создание Horse, имя [17], скорость [17.0]
2023-06-13 17:30:14,34 DEBUG Horse: Создание Horse, имя [18], скорость [18.0]
2023-06-13 17:30:14,34 DEBUG Horse: Создание Horse, имя [19], скорость [19.0]
2023-06-13 17:30:14,34 DEBUG Horse: Создание Horse, имя [20], скорость [20.0]
2023-06-13 17:30:14,34 DEBUG Horse: Создание Horse, имя [21], скорость [21.0]
2023-06-13 17:30:14,34 DEBUG Horse: Создание Horse, имя [22], скорость [22.0]
2023-06-13 17:30:14,34 DEBUG Horse: Создание Horse, имя [23], скорость [23.0]
2023-06-13 17:30:14,34 DEBUG Horse: Создание Horse, имя [24], скорость [24.0]
2023-06-13 17:30:14,34 DEBUG Horse: Создание Horse, имя [25], скорость [25.0]
2023-06-13 17:30:14,34 DEBUG Horse: Создание Horse, имя [26], скорость [26.0]
2023-06-13 17:30:14,34 DEBUG Horse: Создание Horse, имя [27], скорость [27.0]
2023-06-13 17:30:14,34 DEBUG Horse: Создание Horse, имя [28], скорость [28.0]
2023-06-13 17:30:14,34 DEBUG Horse: Создание Horse, имя [29], скорость [29.0]
2023-06-13 17:30:14,26 DEBUG Hippodrome:  Создание Hippodrome, лошадей [30]
2023-06-13 17:30:14,18 ERROR Hippodrome: Horses list is null
